2023-09-12 13:42:12.452 [info] Extension host with pid 18560 started
2023-09-12 13:42:12.452 [info] Skipping acquiring lock for /home/user/webpages_tech/lab-4-html/User/workspaceStorage/dc269e61067ca5c62e1f226688e03694.
2023-09-12 13:42:12.808 [info] ExtensionService#_doActivateExtension vscode.git-base, startup: true, activationEvent: '*'
2023-09-12 13:42:13.149 [info] ExtensionService#_doActivateExtension vscode.github, startup: true, activationEvent: '*'
2023-09-12 13:42:13.719 [info] Eager extensions activated
2023-09-12 13:42:13.893 [info] ExtensionService#_doActivateExtension vscode.debug-auto-launch, startup: false, activationEvent: 'onStartupFinished'
2023-09-12 13:42:13.897 [info] ExtensionService#_doActivateExtension vscode.merge-conflict, startup: false, activationEvent: 'onStartupFinished'
2023-09-12 13:42:14.075 [info] ExtensionService#_doActivateExtension vscode.github-authentication, startup: false, activationEvent: 'onAuthenticationRequest:github'
2023-09-12 13:42:16.686 [info] ExtensionService#_doActivateExtension vscode.microsoft-authentication, startup: false, activationEvent: 'onAuthenticationRequest:microsoft'
2023-09-12 13:42:19.250 [info] ExtensionService#_doActivateExtension vscode.git, startup: false, activationEvent: 'api', root cause: vscode.github
2023-09-12 13:42:19.780 [info] ExtensionService#_doActivateExtension ritwickdey.LiveServer, startup: false, activationEvent: 'onStartupFinished'
2023-09-12 13:42:31.581 [info] ExtensionService#_doActivateExtension vscode.html-language-features, startup: false, activationEvent: 'onLanguage:html'
2023-09-12 13:42:31.892 [info] ExtensionService#_doActivateExtension vscode.emmet, startup: false, activationEvent: 'onLanguage'
2023-09-12 13:46:25.486 [info] ExtensionService#_doActivateExtension vscode.css-language-features, startup: false, activationEvent: 'onLanguage:css'
2023-09-12 13:48:08.719 [info] ExtensionService#_doActivateExtension vscode.debug-server-ready, startup: false, activationEvent: 'onDebugResolve'
2023-09-12 13:48:08.726 [info] ExtensionService#_doActivateExtension ms-vscode.js-debug, startup: false, activationEvent: 'onDebugResolve:pwa-chrome'
2023-09-12 13:58:41.825 [warning] [Decorations] CAPPING events from decorations provider vscode.git 375
2023-09-12 13:58:46.899 [warning] [Decorations] CAPPING events from decorations provider vscode.git 375
2023-09-12 13:58:52.102 [warning] [Decorations] CAPPING events from decorations provider vscode.git 375
2023-09-12 13:58:57.214 [warning] [Decorations] CAPPING events from decorations provider vscode.git 375
2023-09-12 13:59:02.288 [warning] [Decorations] CAPPING events from decorations provider vscode.git 375
2023-09-12 13:59:07.330 [warning] [Decorations] CAPPING events from decorations provider vscode.git 375
2023-09-12 13:59:12.406 [warning] [Decorations] CAPPING events from decorations provider vscode.git 375
2023-09-12 13:59:17.469 [warning] [Decorations] CAPPING events from decorations provider vscode.git 375
2023-09-12 13:59:22.518 [warning] [Decorations] CAPPING events from decorations provider vscode.git 375
2023-09-12 14:03:22.508 [warning] [Decorations] CAPPING events from decorations provider vscode.git 375
2023-09-12 14:03:27.679 [warning] [Decorations] CAPPING events from decorations provider vscode.git 375
2023-09-12 14:03:40.596 [warning] [Decorations] CAPPING events from decorations provider vscode.git 375
2023-09-12 14:03:45.641 [warning] [Decorations] CAPPING events from decorations provider vscode.git 375
2023-09-12 14:03:50.682 [warning] [Decorations] CAPPING events from decorations provider vscode.git 375
2023-09-12 14:03:59.494 [warning] [Decorations] CAPPING events from decorations provider vscode.git 375
2023-09-12 14:04:08.396 [warning] [Decorations] CAPPING events from decorations provider vscode.git 375
2023-09-12 14:04:08.926 [info] ExtensionService#_doActivateExtension vscode.media-preview, startup: false, activationEvent: 'onCustomEditor:imagePreview.previewEditor'
2023-09-12 14:04:13.481 [warning] [Decorations] CAPPING events from decorations provider vscode.git 385
2023-09-12 14:04:18.542 [warning] [Decorations] CAPPING events from decorations provider vscode.git 386
2023-09-12 14:04:23.613 [warning] [Decorations] CAPPING events from decorations provider vscode.git 386
2023-09-12 14:04:28.751 [warning] [Decorations] CAPPING events from decorations provider vscode.git 387
2023-09-12 14:04:33.794 [warning] [Decorations] CAPPING events from decorations provider vscode.git 387
2023-09-12 14:04:38.834 [warning] [Decorations] CAPPING events from decorations provider vscode.git 387
2023-09-12 14:04:43.878 [warning] [Decorations] CAPPING events from decorations provider vscode.git 387
2023-09-12 14:04:48.937 [warning] [Decorations] CAPPING events from decorations provider vscode.git 387
2023-09-12 14:04:53.985 [warning] [Decorations] CAPPING events from decorations provider vscode.git 387
2023-09-12 14:04:59.030 [warning] [Decorations] CAPPING events from decorations provider vscode.git 387
2023-09-12 14:05:04.084 [warning] [Decorations] CAPPING events from decorations provider vscode.git 387
2023-09-12 14:05:09.141 [warning] [Decorations] CAPPING events from decorations provider vscode.git 387
2023-09-12 14:05:14.202 [warning] [Decorations] CAPPING events from decorations provider vscode.git 387
2023-09-12 14:05:19.247 [warning] [Decorations] CAPPING events from decorations provider vscode.git 387
2023-09-12 14:05:24.308 [warning] [Decorations] CAPPING events from decorations provider vscode.git 387
2023-09-12 14:05:29.399 [warning] [Decorations] CAPPING events from decorations provider vscode.git 387
2023-09-12 14:05:34.499 [warning] [Decorations] CAPPING events from decorations provider vscode.git 387
2023-09-12 14:05:39.560 [warning] [Decorations] CAPPING events from decorations provider vscode.git 387
2023-09-12 14:05:44.625 [warning] [Decorations] CAPPING events from decorations provider vscode.git 387
2023-09-12 14:05:49.685 [warning] [Decorations] CAPPING events from decorations provider vscode.git 387
2023-09-12 14:05:54.722 [warning] [Decorations] CAPPING events from decorations provider vscode.git 387
2023-09-12 14:05:59.773 [warning] [Decorations] CAPPING events from decorations provider vscode.git 387
2023-09-12 14:06:04.828 [warning] [Decorations] CAPPING events from decorations provider vscode.git 387
2023-09-12 14:06:09.883 [warning] [Decorations] CAPPING events from decorations provider vscode.git 387
2023-09-12 14:06:14.964 [warning] [Decorations] CAPPING events from decorations provider vscode.git 387
2023-09-12 14:06:20.054 [warning] [Decorations] CAPPING events from decorations provider vscode.git 387
2023-09-12 14:06:25.108 [warning] [Decorations] CAPPING events from decorations provider vscode.git 387
2023-09-12 14:06:30.152 [warning] [Decorations] CAPPING events from decorations provider vscode.git 387
2023-09-12 14:06:35.204 [warning] [Decorations] CAPPING events from decorations provider vscode.git 387
2023-09-12 14:06:40.248 [warning] [Decorations] CAPPING events from decorations provider vscode.git 387
2023-09-12 14:06:45.325 [warning] [Decorations] CAPPING events from decorations provider vscode.git 387
2023-09-12 14:06:50.365 [warning] [Decorations] CAPPING events from decorations provider vscode.git 387
2023-09-12 14:06:55.408 [warning] [Decorations] CAPPING events from decorations provider vscode.git 387
2023-09-12 14:07:00.449 [warning] [Decorations] CAPPING events from decorations provider vscode.git 387
2023-09-12 14:07:05.506 [warning] [Decorations] CAPPING events from decorations provider vscode.git 387
2023-09-12 14:07:10.540 [warning] [Decorations] CAPPING events from decorations provider vscode.git 387
2023-09-12 14:07:15.596 [warning] [Decorations] CAPPING events from decorations provider vscode.git 387
2023-09-12 14:07:20.635 [warning] [Decorations] CAPPING events from decorations provider vscode.git 387
2023-09-12 14:07:25.701 [warning] [Decorations] CAPPING events from decorations provider vscode.git 387
2023-09-12 14:07:30.743 [warning] [Decorations] CAPPING events from decorations provider vscode.git 387
2023-09-12 14:07:35.785 [warning] [Decorations] CAPPING events from decorations provider vscode.git 387
2023-09-12 14:07:40.834 [warning] [Decorations] CAPPING events from decorations provider vscode.git 387
2023-09-12 14:07:45.879 [warning] [Decorations] CAPPING events from decorations provider vscode.git 387
2023-09-12 14:07:50.919 [warning] [Decorations] CAPPING events from decorations provider vscode.git 387
2023-09-12 14:07:55.970 [warning] [Decorations] CAPPING events from decorations provider vscode.git 387
2023-09-12 14:08:01.023 [warning] [Decorations] CAPPING events from decorations provider vscode.git 387
2023-09-12 14:08:06.076 [warning] [Decorations] CAPPING events from decorations provider vscode.git 387
2023-09-12 14:08:11.119 [warning] [Decorations] CAPPING events from decorations provider vscode.git 387
2023-09-12 14:08:16.195 [warning] [Decorations] CAPPING events from decorations provider vscode.git 387
2023-09-12 14:08:21.242 [warning] [Decorations] CAPPING events from decorations provider vscode.git 388
2023-09-12 14:08:26.281 [warning] [Decorations] CAPPING events from decorations provider vscode.git 388
2023-09-12 14:08:31.334 [warning] [Decorations] CAPPING events from decorations provider vscode.git 388
2023-09-12 14:08:36.415 [warning] [Decorations] CAPPING events from decorations provider vscode.git 388
2023-09-12 14:08:41.478 [warning] [Decorations] CAPPING events from decorations provider vscode.git 389
2023-09-12 14:08:46.535 [warning] [Decorations] CAPPING events from decorations provider vscode.git 388
2023-09-12 14:08:51.658 [warning] [Decorations] CAPPING events from decorations provider vscode.git 388
2023-09-12 14:08:56.701 [warning] [Decorations] CAPPING events from decorations provider vscode.git 388
2023-09-12 14:09:01.738 [warning] [Decorations] CAPPING events from decorations provider vscode.git 388
2023-09-12 14:09:06.919 [warning] [Decorations] CAPPING events from decorations provider vscode.git 388
2023-09-12 14:09:11.967 [warning] [Decorations] CAPPING events from decorations provider vscode.git 388
2023-09-12 14:09:17.176 [warning] [Decorations] CAPPING events from decorations provider vscode.git 388
2023-09-12 14:09:22.233 [warning] [Decorations] CAPPING events from decorations provider vscode.git 388
2023-09-12 14:09:27.291 [warning] [Decorations] CAPPING events from decorations provider vscode.git 388
2023-09-12 14:09:32.341 [warning] [Decorations] CAPPING events from decorations provider vscode.git 388
2023-09-12 14:09:37.404 [warning] [Decorations] CAPPING events from decorations provider vscode.git 388
2023-09-12 14:09:42.469 [warning] [Decorations] CAPPING events from decorations provider vscode.git 388
2023-09-12 14:09:47.509 [warning] [Decorations] CAPPING events from decorations provider vscode.git 388
2023-09-12 14:09:52.566 [warning] [Decorations] CAPPING events from decorations provider vscode.git 388
2023-09-12 14:09:57.637 [warning] [Decorations] CAPPING events from decorations provider vscode.git 388
2023-09-12 14:10:02.684 [warning] [Decorations] CAPPING events from decorations provider vscode.git 388
2023-09-12 14:10:07.724 [warning] [Decorations] CAPPING events from decorations provider vscode.git 388
2023-09-12 14:10:12.871 [warning] [Decorations] CAPPING events from decorations provider vscode.git 389
2023-09-12 14:10:17.945 [warning] [Decorations] CAPPING events from decorations provider vscode.git 389
2023-09-12 14:10:23.007 [warning] [Decorations] CAPPING events from decorations provider vscode.git 390
2023-09-12 14:10:28.068 [warning] [Decorations] CAPPING events from decorations provider vscode.git 390
2023-09-12 14:10:33.175 [warning] [Decorations] CAPPING events from decorations provider vscode.git 391
2023-09-12 14:10:38.230 [warning] [Decorations] CAPPING events from decorations provider vscode.git 390
2023-09-12 14:10:45.476 [warning] [Decorations] CAPPING events from decorations provider vscode.git 390
2023-09-12 14:10:50.517 [warning] [Decorations] CAPPING events from decorations provider vscode.git 390
2023-09-12 14:10:55.569 [warning] [Decorations] CAPPING events from decorations provider vscode.git 390
2023-09-12 14:11:00.619 [warning] [Decorations] CAPPING events from decorations provider vscode.git 390
2023-09-12 14:11:05.673 [warning] [Decorations] CAPPING events from decorations provider vscode.git 390
2023-09-12 14:11:10.717 [warning] [Decorations] CAPPING events from decorations provider vscode.git 390
2023-09-12 14:11:15.752 [warning] [Decorations] CAPPING events from decorations provider vscode.git 390
2023-09-12 14:11:20.791 [warning] [Decorations] CAPPING events from decorations provider vscode.git 390
2023-09-12 14:11:25.843 [warning] [Decorations] CAPPING events from decorations provider vscode.git 390
2023-09-12 14:11:30.932 [warning] [Decorations] CAPPING events from decorations provider vscode.git 390
2023-09-12 14:11:35.972 [warning] [Decorations] CAPPING events from decorations provider vscode.git 390
2023-09-12 14:11:41.017 [warning] [Decorations] CAPPING events from decorations provider vscode.git 390
2023-09-12 14:11:46.064 [warning] [Decorations] CAPPING events from decorations provider vscode.git 390
2023-09-12 14:11:51.113 [warning] [Decorations] CAPPING events from decorations provider vscode.git 390
2023-09-12 14:11:56.166 [warning] [Decorations] CAPPING events from decorations provider vscode.git 390
2023-09-12 14:12:01.217 [warning] [Decorations] CAPPING events from decorations provider vscode.git 390
2023-09-12 14:12:06.259 [warning] [Decorations] CAPPING events from decorations provider vscode.git 390
2023-09-12 14:12:11.311 [warning] [Decorations] CAPPING events from decorations provider vscode.git 390
2023-09-12 14:12:16.378 [warning] [Decorations] CAPPING events from decorations provider vscode.git 390
2023-09-12 14:12:21.438 [warning] [Decorations] CAPPING events from decorations provider vscode.git 390
2023-09-12 14:12:26.515 [warning] [Decorations] CAPPING events from decorations provider vscode.git 390
2023-09-12 14:12:31.572 [warning] [Decorations] CAPPING events from decorations provider vscode.git 390
2023-09-12 14:12:36.616 [warning] [Decorations] CAPPING events from decorations provider vscode.git 390
2023-09-12 14:12:41.678 [warning] [Decorations] CAPPING events from decorations provider vscode.git 390
2023-09-12 14:12:46.742 [warning] [Decorations] CAPPING events from decorations provider vscode.git 390
2023-09-12 14:12:51.846 [warning] [Decorations] CAPPING events from decorations provider vscode.git 390
2023-09-12 14:12:56.926 [warning] [Decorations] CAPPING events from decorations provider vscode.git 390
2023-09-12 14:13:02.001 [warning] [Decorations] CAPPING events from decorations provider vscode.git 390
2023-09-12 14:13:07.057 [warning] [Decorations] CAPPING events from decorations provider vscode.git 390
2023-09-12 14:13:12.123 [warning] [Decorations] CAPPING events from decorations provider vscode.git 390
2023-09-12 14:13:17.381 [warning] [Decorations] CAPPING events from decorations provider vscode.git 391
2023-09-12 14:13:22.469 [warning] [Decorations] CAPPING events from decorations provider vscode.git 391
2023-09-12 14:13:27.545 [warning] [Decorations] CAPPING events from decorations provider vscode.git 391
2023-09-12 14:13:32.599 [warning] [Decorations] CAPPING events from decorations provider vscode.git 391
2023-09-12 14:13:37.674 [warning] [Decorations] CAPPING events from decorations provider vscode.git 391
2023-09-12 14:13:42.731 [warning] [Decorations] CAPPING events from decorations provider vscode.git 391
2023-09-12 14:13:47.803 [warning] [Decorations] CAPPING events from decorations provider vscode.git 391
2023-09-12 14:13:52.863 [warning] [Decorations] CAPPING events from decorations provider vscode.git 391
2023-09-12 14:13:57.953 [warning] [Decorations] CAPPING events from decorations provider vscode.git 391
2023-09-12 14:14:03.033 [warning] [Decorations] CAPPING events from decorations provider vscode.git 391
2023-09-12 14:14:08.118 [warning] [Decorations] CAPPING events from decorations provider vscode.git 391
2023-09-12 14:14:13.165 [warning] [Decorations] CAPPING events from decorations provider vscode.git 391
2023-09-12 14:14:18.251 [warning] [Decorations] CAPPING events from decorations provider vscode.git 391
2023-09-12 14:14:23.349 [warning] [Decorations] CAPPING events from decorations provider vscode.git 391
2023-09-12 14:14:28.423 [warning] [Decorations] CAPPING events from decorations provider vscode.git 391
2023-09-12 14:14:33.486 [warning] [Decorations] CAPPING events from decorations provider vscode.git 391
2023-09-12 14:14:38.545 [warning] [Decorations] CAPPING events from decorations provider vscode.git 391
2023-09-12 14:14:43.621 [warning] [Decorations] CAPPING events from decorations provider vscode.git 391
2023-09-12 14:14:48.691 [warning] [Decorations] CAPPING events from decorations provider vscode.git 391
2023-09-12 14:14:53.784 [warning] [Decorations] CAPPING events from decorations provider vscode.git 391
2023-09-12 14:14:58.913 [warning] [Decorations] CAPPING events from decorations provider vscode.git 391
2023-09-12 14:15:03.990 [warning] [Decorations] CAPPING events from decorations provider vscode.git 391
2023-09-12 14:15:09.082 [warning] [Decorations] CAPPING events from decorations provider vscode.git 391
2023-09-12 14:15:14.144 [warning] [Decorations] CAPPING events from decorations provider vscode.git 391
2023-09-12 14:15:19.245 [warning] [Decorations] CAPPING events from decorations provider vscode.git 391
2023-09-12 14:15:24.472 [warning] [Decorations] CAPPING events from decorations provider vscode.git 391
2023-09-12 14:15:29.683 [warning] [Decorations] CAPPING events from decorations provider vscode.git 391
2023-09-12 14:15:34.875 [warning] [Decorations] CAPPING events from decorations provider vscode.git 391
2023-09-12 14:15:40.017 [warning] [Decorations] CAPPING events from decorations provider vscode.git 391
2023-09-12 14:15:51.199 [warning] [Decorations] CAPPING events from decorations provider vscode.git 391
2023-09-12 14:15:56.272 [warning] [Decorations] CAPPING events from decorations provider vscode.git 391
2023-09-12 14:16:01.347 [warning] [Decorations] CAPPING events from decorations provider vscode.git 391
2023-09-12 14:16:06.410 [warning] [Decorations] CAPPING events from decorations provider vscode.git 391
2023-09-12 14:16:11.493 [warning] [Decorations] CAPPING events from decorations provider vscode.git 391
2023-09-12 14:16:16.546 [warning] [Decorations] CAPPING events from decorations provider vscode.git 391
2023-09-12 14:16:21.617 [warning] [Decorations] CAPPING events from decorations provider vscode.git 391
2023-09-12 14:16:26.692 [warning] [Decorations] CAPPING events from decorations provider vscode.git 391
2023-09-12 14:16:31.773 [warning] [Decorations] CAPPING events from decorations provider vscode.git 391
2023-09-12 14:16:36.871 [warning] [Decorations] CAPPING events from decorations provider vscode.git 391
2023-09-12 14:16:41.952 [warning] [Decorations] CAPPING events from decorations provider vscode.git 391
2023-09-12 14:16:47.020 [warning] [Decorations] CAPPING events from decorations provider vscode.git 391
2023-09-12 14:16:52.086 [warning] [Decorations] CAPPING events from decorations provider vscode.git 391
2023-09-12 14:16:57.147 [warning] [Decorations] CAPPING events from decorations provider vscode.git 391
2023-09-12 14:17:02.352 [warning] [Decorations] CAPPING events from decorations provider vscode.git 391
2023-09-12 14:17:07.419 [warning] [Decorations] CAPPING events from decorations provider vscode.git 391
2023-09-12 14:17:12.535 [warning] [Decorations] CAPPING events from decorations provider vscode.git 409
2023-09-12 14:17:17.766 [warning] [Decorations] CAPPING events from decorations provider vscode.git 409
2023-09-12 14:17:22.879 [warning] [Decorations] CAPPING events from decorations provider vscode.git 409
2023-09-12 14:17:27.999 [warning] [Decorations] CAPPING events from decorations provider vscode.git 409
2023-09-12 14:17:33.085 [warning] [Decorations] CAPPING events from decorations provider vscode.git 409
2023-09-12 14:17:38.146 [warning] [Decorations] CAPPING events from decorations provider vscode.git 409
2023-09-12 14:17:43.301 [warning] [Decorations] CAPPING events from decorations provider vscode.git 409
2023-09-12 14:18:56.815 [warning] [Decorations] CAPPING events from decorations provider vscode.git 409
2023-09-12 14:19:02.180 [warning] [Decorations] CAPPING events from decorations provider vscode.git 409
2023-09-12 14:19:07.247 [warning] [Decorations] CAPPING events from decorations provider vscode.git 409
2023-09-12 14:19:12.319 [warning] [Decorations] CAPPING events from decorations provider vscode.git 409
2023-09-12 14:19:17.384 [warning] [Decorations] CAPPING events from decorations provider vscode.git 409
2023-09-12 14:19:22.712 [warning] [Decorations] CAPPING events from decorations provider vscode.git 417
2023-09-12 14:19:28.147 [warning] [Decorations] CAPPING events from decorations provider vscode.git 417
2023-09-12 14:19:29.073 [info] ExtensionService#_doActivateExtension ms-edgedevtools.vscode-edge-devtools, startup: false, activationEvent: 'onStartupFinished'
2023-09-12 14:19:33.355 [warning] [Decorations] CAPPING events from decorations provider vscode.git 417
2023-09-12 14:19:38.521 [warning] [Decorations] CAPPING events from decorations provider vscode.git 417
2023-09-12 14:19:43.643 [warning] [Decorations] CAPPING events from decorations provider vscode.git 418
2023-09-12 14:19:48.775 [warning] [Decorations] CAPPING events from decorations provider vscode.git 418
2023-09-12 14:19:54.203 [warning] [Decorations] CAPPING events from decorations provider vscode.git 418
2023-09-12 14:19:59.378 [warning] [Decorations] CAPPING events from decorations provider vscode.git 418
2023-09-12 14:20:04.606 [warning] [Decorations] CAPPING events from decorations provider vscode.git 418
2023-09-12 14:20:09.683 [warning] [Decorations] CAPPING events from decorations provider vscode.git 418
2023-09-12 14:20:14.988 [warning] [Decorations] CAPPING events from decorations provider vscode.git 418
2023-09-12 14:20:20.083 [warning] [Decorations] CAPPING events from decorations provider vscode.git 418
2023-09-12 14:20:25.248 [warning] [Decorations] CAPPING events from decorations provider vscode.git 418
2023-09-12 14:20:30.333 [warning] [Decorations] CAPPING events from decorations provider vscode.git 418
2023-09-12 14:20:35.410 [warning] [Decorations] CAPPING events from decorations provider vscode.git 418
2023-09-12 14:20:40.472 [warning] [Decorations] CAPPING events from decorations provider vscode.git 418
2023-09-12 14:20:45.601 [warning] [Decorations] CAPPING events from decorations provider vscode.git 418
2023-09-12 14:20:50.669 [warning] [Decorations] CAPPING events from decorations provider vscode.git 418
2023-09-12 14:20:55.762 [warning] [Decorations] CAPPING events from decorations provider vscode.git 418
2023-09-12 14:21:00.933 [warning] [Decorations] CAPPING events from decorations provider vscode.git 418
2023-09-12 14:21:06.027 [warning] [Decorations] CAPPING events from decorations provider vscode.git 418
2023-09-12 14:21:11.105 [warning] [Decorations] CAPPING events from decorations provider vscode.git 418
2023-09-12 14:21:16.157 [warning] [Decorations] CAPPING events from decorations provider vscode.git 418
2023-09-12 14:21:21.207 [warning] [Decorations] CAPPING events from decorations provider vscode.git 418
2023-09-12 14:21:26.281 [warning] [Decorations] CAPPING events from decorations provider vscode.git 418
2023-09-12 14:21:31.470 [warning] [Decorations] CAPPING events from decorations provider vscode.git 418
2023-09-12 14:21:36.684 [warning] [Decorations] CAPPING events from decorations provider vscode.git 418
2023-09-12 14:21:41.818 [warning] [Decorations] CAPPING events from decorations provider vscode.git 418
2023-09-12 14:22:13.556 [warning] [Decorations] CAPPING events from decorations provider vscode.git 418
2023-09-12 14:22:38.302 [warning] [Decorations] CAPPING events from decorations provider vscode.git 418
2023-09-12 14:22:43.526 [warning] [Decorations] CAPPING events from decorations provider vscode.git 418
2023-09-12 14:22:48.648 [warning] [Decorations] CAPPING events from decorations provider vscode.git 418
2023-09-12 14:22:53.721 [warning] [Decorations] CAPPING events from decorations provider vscode.git 418
2023-09-12 14:22:58.811 [warning] [Decorations] CAPPING events from decorations provider vscode.git 418
2023-09-12 14:23:03.887 [warning] [Decorations] CAPPING events from decorations provider vscode.git 418
2023-09-12 14:23:08.967 [warning] [Decorations] CAPPING events from decorations provider vscode.git 418
2023-09-12 14:23:14.149 [warning] [Decorations] CAPPING events from decorations provider vscode.git 418
2023-09-12 14:23:19.359 [warning] [Decorations] CAPPING events from decorations provider vscode.git 418
2023-09-12 14:23:24.426 [warning] [Decorations] CAPPING events from decorations provider vscode.git 418
2023-09-12 14:23:29.513 [warning] [Decorations] CAPPING events from decorations provider vscode.git 419
2023-09-12 14:23:34.588 [warning] [Decorations] CAPPING events from decorations provider vscode.git 419
2023-09-12 14:23:39.654 [warning] [Decorations] CAPPING events from decorations provider vscode.git 419
2023-09-12 14:23:44.777 [warning] [Decorations] CAPPING events from decorations provider vscode.git 419
2023-09-12 14:23:50.041 [warning] [Decorations] CAPPING events from decorations provider vscode.git 420
2023-09-12 14:23:55.146 [warning] [Decorations] CAPPING events from decorations provider vscode.git 419
2023-09-12 14:24:00.224 [warning] [Decorations] CAPPING events from decorations provider vscode.git 419
2023-09-12 14:24:05.296 [warning] [Decorations] CAPPING events from decorations provider vscode.git 419
2023-09-12 14:24:10.366 [warning] [Decorations] CAPPING events from decorations provider vscode.git 419
2023-09-12 14:24:15.445 [warning] [Decorations] CAPPING events from decorations provider vscode.git 419
2023-09-12 14:24:20.511 [warning] [Decorations] CAPPING events from decorations provider vscode.git 419
2023-09-12 14:24:25.702 [warning] [Decorations] CAPPING events from decorations provider vscode.git 419
2023-09-12 14:24:30.775 [warning] [Decorations] CAPPING events from decorations provider vscode.git 419
2023-09-12 14:24:35.900 [warning] [Decorations] CAPPING events from decorations provider vscode.git 420
2023-09-12 14:24:40.969 [warning] [Decorations] CAPPING events from decorations provider vscode.git 420
2023-09-12 14:24:46.030 [warning] [Decorations] CAPPING events from decorations provider vscode.git 420
2023-09-12 14:24:51.106 [warning] [Decorations] CAPPING events from decorations provider vscode.git 420
2023-09-12 14:24:56.175 [warning] [Decorations] CAPPING events from decorations provider vscode.git 420
2023-09-12 14:25:01.243 [warning] [Decorations] CAPPING events from decorations provider vscode.git 420
2023-09-12 14:25:06.304 [warning] [Decorations] CAPPING events from decorations provider vscode.git 420
2023-09-12 14:25:11.405 [warning] [Decorations] CAPPING events from decorations provider vscode.git 420
2023-09-12 14:25:16.457 [warning] [Decorations] CAPPING events from decorations provider vscode.git 420
2023-09-12 14:25:21.593 [warning] [Decorations] CAPPING events from decorations provider vscode.git 420
2023-09-12 14:25:26.658 [warning] [Decorations] CAPPING events from decorations provider vscode.git 420
2023-09-12 14:25:31.774 [warning] [Decorations] CAPPING events from decorations provider vscode.git 420
2023-09-12 14:25:36.940 [warning] [Decorations] CAPPING events from decorations provider vscode.git 420
2023-09-12 14:25:42.001 [warning] [Decorations] CAPPING events from decorations provider vscode.git 420
2023-09-12 14:25:47.055 [warning] [Decorations] CAPPING events from decorations provider vscode.git 420
2023-09-12 14:25:52.128 [warning] [Decorations] CAPPING events from decorations provider vscode.git 420
2023-09-12 14:25:57.193 [warning] [Decorations] CAPPING events from decorations provider vscode.git 420
2023-09-12 14:26:02.293 [warning] [Decorations] CAPPING events from decorations provider vscode.git 420
2023-09-12 14:26:07.352 [warning] [Decorations] CAPPING events from decorations provider vscode.git 420
2023-09-12 14:26:12.448 [warning] [Decorations] CAPPING events from decorations provider vscode.git 420
2023-09-12 14:26:17.522 [warning] [Decorations] CAPPING events from decorations provider vscode.git 420
2023-09-12 14:26:22.586 [warning] [Decorations] CAPPING events from decorations provider vscode.git 420
2023-09-12 14:26:27.689 [warning] [Decorations] CAPPING events from decorations provider vscode.git 420
2023-09-12 14:26:32.756 [warning] [Decorations] CAPPING events from decorations provider vscode.git 420
2023-09-12 14:26:37.852 [warning] [Decorations] CAPPING events from decorations provider vscode.git 420
2023-09-12 14:26:42.911 [warning] [Decorations] CAPPING events from decorations provider vscode.git 420
2023-09-12 14:26:47.970 [warning] [Decorations] CAPPING events from decorations provider vscode.git 420
2023-09-12 14:26:53.026 [warning] [Decorations] CAPPING events from decorations provider vscode.git 420
2023-09-12 14:26:58.080 [warning] [Decorations] CAPPING events from decorations provider vscode.git 420
2023-09-12 14:27:03.182 [warning] [Decorations] CAPPING events from decorations provider vscode.git 420
2023-09-12 14:27:08.243 [warning] [Decorations] CAPPING events from decorations provider vscode.git 420
2023-09-12 14:27:13.309 [warning] [Decorations] CAPPING events from decorations provider vscode.git 420
2023-09-12 14:27:18.487 [warning] [Decorations] CAPPING events from decorations provider vscode.git 421
2023-09-12 14:27:23.590 [warning] [Decorations] CAPPING events from decorations provider vscode.git 420
2023-09-12 14:27:28.690 [warning] [Decorations] CAPPING events from decorations provider vscode.git 420
2023-09-12 14:27:33.780 [warning] [Decorations] CAPPING events from decorations provider vscode.git 421
2023-09-12 14:27:38.874 [warning] [Decorations] CAPPING events from decorations provider vscode.git 421
2023-09-12 14:27:43.979 [warning] [Decorations] CAPPING events from decorations provider vscode.git 421
2023-09-12 14:27:49.122 [warning] [Decorations] CAPPING events from decorations provider vscode.git 421
2023-09-12 14:27:54.177 [warning] [Decorations] CAPPING events from decorations provider vscode.git 422
2023-09-12 14:27:59.241 [warning] [Decorations] CAPPING events from decorations provider vscode.git 421
2023-09-12 14:28:04.321 [warning] [Decorations] CAPPING events from decorations provider vscode.git 421
2023-09-12 14:28:09.391 [warning] [Decorations] CAPPING events from decorations provider vscode.git 421
2023-09-12 14:28:14.477 [warning] [Decorations] CAPPING events from decorations provider vscode.git 421
2023-09-12 14:28:19.534 [warning] [Decorations] CAPPING events from decorations provider vscode.git 421
2023-09-12 14:28:32.955 [warning] [Decorations] CAPPING events from decorations provider vscode.git 421
2023-09-12 14:28:38.169 [warning] [Decorations] CAPPING events from decorations provider vscode.git 421
2023-09-12 14:28:43.232 [warning] [Decorations] CAPPING events from decorations provider vscode.git 421
2023-09-12 14:28:48.295 [warning] [Decorations] CAPPING events from decorations provider vscode.git 421
2023-09-12 14:28:53.372 [warning] [Decorations] CAPPING events from decorations provider vscode.git 421
2023-09-12 14:28:58.440 [warning] [Decorations] CAPPING events from decorations provider vscode.git 421
2023-09-12 14:29:03.538 [warning] [Decorations] CAPPING events from decorations provider vscode.git 421
2023-09-12 14:29:08.608 [warning] [Decorations] CAPPING events from decorations provider vscode.git 421
2023-09-12 14:29:13.702 [warning] [Decorations] CAPPING events from decorations provider vscode.git 421
2023-09-12 14:29:18.761 [warning] [Decorations] CAPPING events from decorations provider vscode.git 421
2023-09-12 14:29:23.841 [warning] [Decorations] CAPPING events from decorations provider vscode.git 421
2023-09-12 14:29:28.919 [warning] [Decorations] CAPPING events from decorations provider vscode.git 421
2023-09-12 14:29:34.001 [warning] [Decorations] CAPPING events from decorations provider vscode.git 421
2023-09-12 14:29:39.224 [warning] [Decorations] CAPPING events from decorations provider vscode.git 421
2023-09-12 14:29:44.445 [warning] [Decorations] CAPPING events from decorations provider vscode.git 421
2023-09-12 14:29:49.561 [warning] [Decorations] CAPPING events from decorations provider vscode.git 421
2023-09-12 14:29:54.684 [warning] [Decorations] CAPPING events from decorations provider vscode.git 421
2023-09-12 14:29:59.878 [warning] [Decorations] CAPPING events from decorations provider vscode.git 421
2023-09-12 14:30:05.093 [warning] [Decorations] CAPPING events from decorations provider vscode.git 421
2023-09-12 14:30:10.191 [warning] [Decorations] CAPPING events from decorations provider vscode.git 421
2023-09-12 14:30:15.297 [warning] [Decorations] CAPPING events from decorations provider vscode.git 421
2023-09-12 14:30:20.407 [warning] [Decorations] CAPPING events from decorations provider vscode.git 421
2023-09-12 14:30:25.493 [warning] [Decorations] CAPPING events from decorations provider vscode.git 421
2023-09-12 14:30:30.613 [warning] [Decorations] CAPPING events from decorations provider vscode.git 421
2023-09-12 14:30:35.737 [warning] [Decorations] CAPPING events from decorations provider vscode.git 421
2023-09-12 14:30:40.812 [warning] [Decorations] CAPPING events from decorations provider vscode.git 421
2023-09-12 14:30:45.895 [warning] [Decorations] CAPPING events from decorations provider vscode.git 421
2023-09-12 14:30:50.979 [warning] [Decorations] CAPPING events from decorations provider vscode.git 422
2023-09-12 14:30:56.056 [warning] [Decorations] CAPPING events from decorations provider vscode.git 422
2023-09-12 14:31:01.171 [warning] [Decorations] CAPPING events from decorations provider vscode.git 423
2023-09-12 14:33:23.478 [warning] [Decorations] CAPPING events from decorations provider vscode.git 422
2023-09-12 14:33:38.650 [warning] [Decorations] CAPPING events from decorations provider vscode.git 422
2023-09-12 14:33:45.309 [warning] [Decorations] CAPPING events from decorations provider vscode.git 422
2023-09-12 14:33:50.433 [warning] [Decorations] CAPPING events from decorations provider vscode.git 424
2023-09-12 14:33:55.536 [warning] [Decorations] CAPPING events from decorations provider vscode.git 424
2023-09-12 14:34:00.745 [warning] [Decorations] CAPPING events from decorations provider vscode.git 424
2023-09-12 14:34:05.813 [warning] [Decorations] CAPPING events from decorations provider vscode.git 426
2023-09-12 14:34:10.875 [warning] [Decorations] CAPPING events from decorations provider vscode.git 425
2023-09-12 14:34:16.032 [warning] [Decorations] CAPPING events from decorations provider vscode.git 426
2023-09-12 14:34:21.107 [warning] [Decorations] CAPPING events from decorations provider vscode.git 426
2023-09-12 14:34:26.161 [warning] [Decorations] CAPPING events from decorations provider vscode.git 427
2023-09-12 14:34:31.233 [warning] [Decorations] CAPPING events from decorations provider vscode.git 426
2023-09-12 14:34:36.314 [warning] [Decorations] CAPPING events from decorations provider vscode.git 426
2023-09-12 14:34:41.389 [warning] [Decorations] CAPPING events from decorations provider vscode.git 426
2023-09-12 14:34:46.473 [warning] [Decorations] CAPPING events from decorations provider vscode.git 426
2023-09-12 14:34:51.538 [warning] [Decorations] CAPPING events from decorations provider vscode.git 426
2023-09-12 14:34:56.604 [warning] [Decorations] CAPPING events from decorations provider vscode.git 426
2023-09-12 14:35:01.674 [warning] [Decorations] CAPPING events from decorations provider vscode.git 426
2023-09-12 14:35:06.879 [warning] [Decorations] CAPPING events from decorations provider vscode.git 426
2023-09-12 14:35:11.954 [warning] [Decorations] CAPPING events from decorations provider vscode.git 426
2023-09-12 14:35:17.030 [warning] [Decorations] CAPPING events from decorations provider vscode.git 427
2023-09-12 14:35:22.154 [warning] [Decorations] CAPPING events from decorations provider vscode.git 427
2023-09-12 14:35:27.229 [warning] [Decorations] CAPPING events from decorations provider vscode.git 427
2023-09-12 14:35:32.290 [warning] [Decorations] CAPPING events from decorations provider vscode.git 427
2023-09-12 14:35:37.348 [warning] [Decorations] CAPPING events from decorations provider vscode.git 427
2023-09-12 14:35:42.476 [warning] [Decorations] CAPPING events from decorations provider vscode.git 427
2023-09-12 14:35:47.549 [warning] [Decorations] CAPPING events from decorations provider vscode.git 427
2023-09-12 14:35:52.605 [warning] [Decorations] CAPPING events from decorations provider vscode.git 427
2023-09-12 14:35:57.701 [warning] [Decorations] CAPPING events from decorations provider vscode.git 427
2023-09-12 14:36:02.884 [warning] [Decorations] CAPPING events from decorations provider vscode.git 427
2023-09-12 14:36:07.943 [warning] [Decorations] CAPPING events from decorations provider vscode.git 427
2023-09-12 14:36:13.014 [warning] [Decorations] CAPPING events from decorations provider vscode.git 427
2023-09-12 14:36:18.115 [warning] [Decorations] CAPPING events from decorations provider vscode.git 427
2023-09-12 14:36:23.173 [warning] [Decorations] CAPPING events from decorations provider vscode.git 427
2023-09-12 14:36:28.258 [warning] [Decorations] CAPPING events from decorations provider vscode.git 427
2023-09-12 14:36:33.373 [warning] [Decorations] CAPPING events from decorations provider vscode.git 427
2023-09-12 14:36:38.425 [warning] [Decorations] CAPPING events from decorations provider vscode.git 427
2023-09-12 14:36:43.497 [warning] [Decorations] CAPPING events from decorations provider vscode.git 428
2023-09-12 14:36:48.572 [warning] [Decorations] CAPPING events from decorations provider vscode.git 427
2023-09-12 14:36:53.684 [warning] [Decorations] CAPPING events from decorations provider vscode.git 427
2023-09-12 14:36:58.880 [warning] [Decorations] CAPPING events from decorations provider vscode.git 427
2023-09-12 14:45:22.843 [warning] [Decorations] CAPPING events from decorations provider vscode.git 429
2023-09-12 14:45:27.920 [warning] [Decorations] CAPPING events from decorations provider vscode.git 429
2023-09-12 14:45:33.153 [warning] [Decorations] CAPPING events from decorations provider vscode.git 429
2023-09-12 14:45:38.230 [warning] [Decorations] CAPPING events from decorations provider vscode.git 429
2023-09-12 14:45:43.321 [warning] [Decorations] CAPPING events from decorations provider vscode.git 429
2023-09-12 14:45:48.405 [warning] [Decorations] CAPPING events from decorations provider vscode.git 429
2023-09-12 14:45:53.482 [warning] [Decorations] CAPPING events from decorations provider vscode.git 429
2023-09-12 14:45:58.588 [warning] [Decorations] CAPPING events from decorations provider vscode.git 429
2023-09-12 14:46:03.651 [warning] [Decorations] CAPPING events from decorations provider vscode.git 429
2023-09-12 14:46:08.883 [warning] [Decorations] CAPPING events from decorations provider vscode.git 429
2023-09-12 14:46:13.975 [warning] [Decorations] CAPPING events from decorations provider vscode.git 429
2023-09-12 14:46:19.050 [warning] [Decorations] CAPPING events from decorations provider vscode.git 429
2023-09-12 14:46:24.106 [warning] [Decorations] CAPPING events from decorations provider vscode.git 429
2023-09-12 14:46:29.207 [warning] [Decorations] CAPPING events from decorations provider vscode.git 429
2023-09-12 14:46:34.276 [warning] [Decorations] CAPPING events from decorations provider vscode.git 429
2023-09-12 14:46:39.363 [warning] [Decorations] CAPPING events from decorations provider vscode.git 429
2023-09-12 14:46:44.481 [warning] [Decorations] CAPPING events from decorations provider vscode.git 429
2023-09-12 14:46:49.552 [warning] [Decorations] CAPPING events from decorations provider vscode.git 429
2023-09-12 14:46:54.614 [warning] [Decorations] CAPPING events from decorations provider vscode.git 429
2023-09-12 14:46:59.699 [warning] [Decorations] CAPPING events from decorations provider vscode.git 429
2023-09-12 14:47:04.777 [warning] [Decorations] CAPPING events from decorations provider vscode.git 429
2023-09-12 14:47:10.084 [warning] [Decorations] CAPPING events from decorations provider vscode.git 429
2023-09-12 14:47:15.149 [warning] [Decorations] CAPPING events from decorations provider vscode.git 429
2023-09-12 14:47:20.233 [warning] [Decorations] CAPPING events from decorations provider vscode.git 429
2023-09-12 14:47:25.314 [warning] [Decorations] CAPPING events from decorations provider vscode.git 429
2023-09-12 14:47:30.553 [warning] [Decorations] CAPPING events from decorations provider vscode.git 429
